/*C27*/SET SCHEMA PUBLIC
DELETE FROM VOKABELN WHERE EN='who' AND DE='Wer' AND KORREKT IS NULL AND FALSCH IS NULL
DELETE FROM VOKABELN WHERE EN='wants' AND DE='will' AND KORREKT IS NULL AND FALSCH IS NULL
DELETE FROM VOKABELN WHERE EN='to' AND DE='zu' AND KORREKT IS NULL AND FALSCH IS NULL
DELETE FROM VOKABELN WHERE EN='live' AND DE='leben' AND KORREKT IS NULL AND FALSCH IS NULL
DELETE FROM VOKABELN WHERE EN='forever' AND DE='ewig' AND KORREKT IS NULL AND FALSCH IS NULL
DELETE FROM VOKABELN WHERE EN='Hallo' AND DE='Test' AND KORREKT IS NULL AND FALSCH IS NULL
COMMIT
INSERT INTO VOKABELN VALUES('who','Wer',NULL,NULL)
COMMIT
INSERT INTO VOKABELN VALUES('wants','will',NULL,NULL)
COMMIT
INSERT INTO VOKABELN VALUES('to','zu',NULL,NULL)
COMMIT
INSERT INTO VOKABELN VALUES('live','leben',NULL,NULL)
COMMIT
INSERT INTO VOKABELN VALUES('forever','ewig',NULL,NULL)
COMMIT
INSERT INTO VOKABELN VALUES('Hallo','Test',NULL,NULL)
COMMIT
DISCONNECT
/*C28*/SET SCHEMA PUBLIC
DISCONNECT
/*C29*/SET SCHEMA PUBLIC
DELETE FROM VOKABELN WHERE EN='who' AND DE='Wer' AND KORREKT IS NULL AND FALSCH IS NULL
DELETE FROM VOKABELN WHERE EN='wants' AND DE='will' AND KORREKT IS NULL AND FALSCH IS NULL
DELETE FROM VOKABELN WHERE EN='to' AND DE='zu' AND KORREKT IS NULL AND FALSCH IS NULL
DELETE FROM VOKABELN WHERE EN='live' AND DE='leben' AND KORREKT IS NULL AND FALSCH IS NULL
DELETE FROM VOKABELN WHERE EN='forever' AND DE='ewig' AND KORREKT IS NULL AND FALSCH IS NULL
DELETE FROM VOKABELN WHERE EN='Hallo' AND DE='Test' AND KORREKT IS NULL AND FALSCH IS NULL
COMMIT
INSERT INTO VOKABELN VALUES('who','Wer',NULL,NULL)
COMMIT
INSERT INTO VOKABELN VALUES('wants','will',NULL,NULL)
COMMIT
INSERT INTO VOKABELN VALUES('to','zu',NULL,NULL)
COMMIT
INSERT INTO VOKABELN VALUES('live','leben',NULL,NULL)
COMMIT
INSERT INTO VOKABELN VALUES('forever','ewig',NULL,NULL)
COMMIT
INSERT INTO VOKABELN VALUES('Hallo','Test',NULL,NULL)
COMMIT
/*C30*/SET SCHEMA PUBLIC
DISCONNECT
/*C29*/DISCONNECT
/*C31*/SET SCHEMA PUBLIC
DELETE FROM VOKABELN WHERE EN='who' AND DE='Wer' AND KORREKT IS NULL AND FALSCH IS NULL
DELETE FROM VOKABELN WHERE EN='wants' AND DE='will' AND KORREKT IS NULL AND FALSCH IS NULL
DELETE FROM VOKABELN WHERE EN='to' AND DE='zu' AND KORREKT IS NULL AND FALSCH IS NULL
DELETE FROM VOKABELN WHERE EN='live' AND DE='leben' AND KORREKT IS NULL AND FALSCH IS NULL
DELETE FROM VOKABELN WHERE EN='forever' AND DE='ewig' AND KORREKT IS NULL AND FALSCH IS NULL
DELETE FROM VOKABELN WHERE EN='Hallo' AND DE='Test' AND KORREKT IS NULL AND FALSCH IS NULL
COMMIT
INSERT INTO VOKABELN VALUES('who','Wer',NULL,NULL)
COMMIT
INSERT INTO VOKABELN VALUES('wants','will',NULL,NULL)
COMMIT
INSERT INTO VOKABELN VALUES('to','zu',NULL,NULL)
COMMIT
INSERT INTO VOKABELN VALUES('live','leben',NULL,NULL)
COMMIT
INSERT INTO VOKABELN VALUES('forever','ewig',NULL,NULL)
COMMIT
INSERT INTO VOKABELN VALUES('Hallo','Test',NULL,NULL)
COMMIT
/*C32*/SET SCHEMA PUBLIC
DISCONNECT
/*C31*/DISCONNECT
/*C33*/SET SCHEMA PUBLIC
DELETE FROM VOKABELN WHERE EN='who' AND DE='Wer' AND KORREKT IS NULL AND FALSCH IS NULL
DELETE FROM VOKABELN WHERE EN='wants' AND DE='will' AND KORREKT IS NULL AND FALSCH IS NULL
DELETE FROM VOKABELN WHERE EN='to' AND DE='zu' AND KORREKT IS NULL AND FALSCH IS NULL
DELETE FROM VOKABELN WHERE EN='live' AND DE='leben' AND KORREKT IS NULL AND FALSCH IS NULL
DELETE FROM VOKABELN WHERE EN='forever' AND DE='ewig' AND KORREKT IS NULL AND FALSCH IS NULL
DELETE FROM VOKABELN WHERE EN='Hallo' AND DE='Test' AND KORREKT IS NULL AND FALSCH IS NULL
COMMIT
INSERT INTO VOKABELN VALUES('who','Wer',NULL,NULL)
COMMIT
INSERT INTO VOKABELN VALUES('wants','will',NULL,NULL)
COMMIT
INSERT INTO VOKABELN VALUES('to','zu',NULL,NULL)
COMMIT
INSERT INTO VOKABELN VALUES('live','leben',NULL,NULL)
COMMIT
INSERT INTO VOKABELN VALUES('forever','ewig',NULL,NULL)
COMMIT
INSERT INTO VOKABELN VALUES('Hallo','Test',NULL,NULL)
COMMIT
/*C35*/SET SCHEMA PUBLIC
DELETE FROM VOKABELN WHERE EN='who' AND DE='Wer' AND KORREKT IS NULL AND FALSCH IS NULL
DELETE FROM VOKABELN WHERE EN='wants' AND DE='will' AND KORREKT IS NULL AND FALSCH IS NULL
DELETE FROM VOKABELN WHERE EN='to' AND DE='zu' AND KORREKT IS NULL AND FALSCH IS NULL
DELETE FROM VOKABELN WHERE EN='live' AND DE='leben' AND KORREKT IS NULL AND FALSCH IS NULL
DELETE FROM VOKABELN WHERE EN='forever' AND DE='ewig' AND KORREKT IS NULL AND FALSCH IS NULL
DELETE FROM VOKABELN WHERE EN='Hallo' AND DE='Test' AND KORREKT IS NULL AND FALSCH IS NULL
COMMIT
INSERT INTO VOKABELN VALUES('who','Wer',NULL,NULL)
COMMIT
INSERT INTO VOKABELN VALUES('wants','will',NULL,NULL)
COMMIT
INSERT INTO VOKABELN VALUES('to','zu',NULL,NULL)
COMMIT
INSERT INTO VOKABELN VALUES('live','leben',NULL,NULL)
COMMIT
INSERT INTO VOKABELN VALUES('forever','ewig',NULL,NULL)
COMMIT
INSERT INTO VOKABELN VALUES('Hallo','Test',NULL,NULL)
COMMIT
DISCONNECT
/*C36*/SET SCHEMA PUBLIC
DISCONNECT
/*C37*/SET SCHEMA PUBLIC
DELETE FROM VOKABELN WHERE EN='who' AND DE='Wer' AND KORREKT IS NULL AND FALSCH IS NULL
DELETE FROM VOKABELN WHERE EN='wants' AND DE='will' AND KORREKT IS NULL AND FALSCH IS NULL
DELETE FROM VOKABELN WHERE EN='to' AND DE='zu' AND KORREKT IS NULL AND FALSCH IS NULL
DELETE FROM VOKABELN WHERE EN='live' AND DE='leben' AND KORREKT IS NULL AND FALSCH IS NULL
DELETE FROM VOKABELN WHERE EN='forever' AND DE='ewig' AND KORREKT IS NULL AND FALSCH IS NULL
DELETE FROM VOKABELN WHERE EN='Hallo' AND DE='Test' AND KORREKT IS NULL AND FALSCH IS NULL
COMMIT
INSERT INTO VOKABELN VALUES('who','Wer',NULL,NULL)
COMMIT
INSERT INTO VOKABELN VALUES('wants','will',NULL,NULL)
COMMIT
INSERT INTO VOKABELN VALUES('to','zu',NULL,NULL)
COMMIT
INSERT INTO VOKABELN VALUES('live','leben',NULL,NULL)
COMMIT
INSERT INTO VOKABELN VALUES('forever','ewig',NULL,NULL)
COMMIT
INSERT INTO VOKABELN VALUES('Hallo','Test',NULL,NULL)
COMMIT
DISCONNECT
/*C38*/SET SCHEMA PUBLIC
DISCONNECT
/*C39*/SET SCHEMA PUBLIC
DELETE FROM VOKABELN WHERE EN='who' AND DE='Wer' AND KORREKT IS NULL AND FALSCH IS NULL
DELETE FROM VOKABELN WHERE EN='wants' AND DE='will' AND KORREKT IS NULL AND FALSCH IS NULL
DELETE FROM VOKABELN WHERE EN='to' AND DE='zu' AND KORREKT IS NULL AND FALSCH IS NULL
DELETE FROM VOKABELN WHERE EN='live' AND DE='leben' AND KORREKT IS NULL AND FALSCH IS NULL
DELETE FROM VOKABELN WHERE EN='forever' AND DE='ewig' AND KORREKT IS NULL AND FALSCH IS NULL
DELETE FROM VOKABELN WHERE EN='Hallo' AND DE='Test' AND KORREKT IS NULL AND FALSCH IS NULL
COMMIT
INSERT INTO VOKABELN VALUES('who','Wer',NULL,NULL)
COMMIT
INSERT INTO VOKABELN VALUES('wants','will',NULL,NULL)
COMMIT
INSERT INTO VOKABELN VALUES('to','zu',NULL,NULL)
COMMIT
INSERT INTO VOKABELN VALUES('live','leben',NULL,NULL)
COMMIT
INSERT INTO VOKABELN VALUES('forever','ewig',NULL,NULL)
COMMIT
INSERT INTO VOKABELN VALUES('Hallo','Test',NULL,NULL)
COMMIT
/*C40*/SET SCHEMA PUBLIC
DISCONNECT
/*C39*/DISCONNECT
/*C41*/SET SCHEMA PUBLIC
DELETE FROM VOKABELN WHERE EN='who' AND DE='Wer' AND KORREKT IS NULL AND FALSCH IS NULL
DELETE FROM VOKABELN WHERE EN='wants' AND DE='will' AND KORREKT IS NULL AND FALSCH IS NULL
DELETE FROM VOKABELN WHERE EN='to' AND DE='zu' AND KORREKT IS NULL AND FALSCH IS NULL
DELETE FROM VOKABELN WHERE EN='live' AND DE='leben' AND KORREKT IS NULL AND FALSCH IS NULL
DELETE FROM VOKABELN WHERE EN='forever' AND DE='ewig' AND KORREKT IS NULL AND FALSCH IS NULL
DELETE FROM VOKABELN WHERE EN='Hallo' AND DE='Test' AND KORREKT IS NULL AND FALSCH IS NULL
COMMIT
INSERT INTO VOKABELN VALUES('who','Wer',NULL,NULL)
COMMIT
INSERT INTO VOKABELN VALUES('wants','will',NULL,NULL)
COMMIT
INSERT INTO VOKABELN VALUES('to','zu',NULL,NULL)
COMMIT
INSERT INTO VOKABELN VALUES('live','leben',NULL,NULL)
COMMIT
INSERT INTO VOKABELN VALUES('forever','ewig',NULL,NULL)
COMMIT
INSERT INTO VOKABELN VALUES('Hallo','Test',NULL,NULL)
COMMIT
/*C44*/SET SCHEMA PUBLIC
DELETE FROM VOKABELN WHERE EN='who' AND DE='Wer' AND KORREKT IS NULL AND FALSCH IS NULL
DELETE FROM VOKABELN WHERE EN='wants' AND DE='will' AND KORREKT IS NULL AND FALSCH IS NULL
DELETE FROM VOKABELN WHERE EN='to' AND DE='zu' AND KORREKT IS NULL AND FALSCH IS NULL
DELETE FROM VOKABELN WHERE EN='live' AND DE='leben' AND KORREKT IS NULL AND FALSCH IS NULL
DELETE FROM VOKABELN WHERE EN='forever' AND DE='ewig' AND KORREKT IS NULL AND FALSCH IS NULL
DELETE FROM VOKABELN WHERE EN='Hallo' AND DE='Test' AND KORREKT IS NULL AND FALSCH IS NULL
COMMIT
INSERT INTO VOKABELN VALUES('who','Wer',NULL,NULL)
COMMIT
INSERT INTO VOKABELN VALUES('wants','will',NULL,NULL)
COMMIT
INSERT INTO VOKABELN VALUES('to','zu',NULL,NULL)
COMMIT
INSERT INTO VOKABELN VALUES('live','leben',NULL,NULL)
COMMIT
INSERT INTO VOKABELN VALUES('forever','ewig',NULL,NULL)
COMMIT
INSERT INTO VOKABELN VALUES('Hallo','Test',NULL,NULL)
COMMIT
INSERT INTO VOKABELN VALUES('bbb','aaa',NULL,NULL)
COMMIT
INSERT INTO VOKABELN VALUES('ddd','ccc',NULL,NULL)
COMMIT
/*C45*/SET SCHEMA PUBLIC
DELETE FROM VOKABELN WHERE EN='bbb' AND DE='aaa' AND KORREKT IS NULL AND FALSCH IS NULL
COMMIT
/*C46*/SET SCHEMA PUBLIC
DELETE FROM VOKABELN WHERE EN='who' AND DE='Wer' AND KORREKT IS NULL AND FALSCH IS NULL
DELETE FROM VOKABELN WHERE EN='wants' AND DE='will' AND KORREKT IS NULL AND FALSCH IS NULL
DELETE FROM VOKABELN WHERE EN='to' AND DE='zu' AND KORREKT IS NULL AND FALSCH IS NULL
DELETE FROM VOKABELN WHERE EN='live' AND DE='leben' AND KORREKT IS NULL AND FALSCH IS NULL
DELETE FROM VOKABELN WHERE EN='forever' AND DE='ewig' AND KORREKT IS NULL AND FALSCH IS NULL
DELETE FROM VOKABELN WHERE EN='Hallo' AND DE='Test' AND KORREKT IS NULL AND FALSCH IS NULL
DELETE FROM VOKABELN WHERE EN='ddd' AND DE='ccc' AND KORREKT IS NULL AND FALSCH IS NULL
COMMIT
INSERT INTO VOKABELN VALUES('who','Wer',NULL,NULL)
COMMIT
INSERT INTO VOKABELN VALUES('wants','will',NULL,NULL)
COMMIT
INSERT INTO VOKABELN VALUES('to','zu',NULL,NULL)
COMMIT
INSERT INTO VOKABELN VALUES('live','leben',NULL,NULL)
COMMIT
INSERT INTO VOKABELN VALUES('forever','ewig',NULL,NULL)
COMMIT
INSERT INTO VOKABELN VALUES('Hallo','Test',NULL,NULL)
COMMIT
INSERT INTO VOKABELN VALUES('bbb','aaa',NULL,NULL)
COMMIT
INSERT INTO VOKABELN VALUES('ddd','ccc',NULL,NULL)
COMMIT
/*C47*/SET SCHEMA PUBLIC
DISCONNECT
/*C46*/DISCONNECT
/*C48*/SET SCHEMA PUBLIC
DELETE FROM VOKABELN WHERE EN='who' AND DE='Wer' AND KORREKT IS NULL AND FALSCH IS NULL
DELETE FROM VOKABELN WHERE EN='wants' AND DE='will' AND KORREKT IS NULL AND FALSCH IS NULL
DELETE FROM VOKABELN WHERE EN='to' AND DE='zu' AND KORREKT IS NULL AND FALSCH IS NULL
DELETE FROM VOKABELN WHERE EN='live' AND DE='leben' AND KORREKT IS NULL AND FALSCH IS NULL
DELETE FROM VOKABELN WHERE EN='forever' AND DE='ewig' AND KORREKT IS NULL AND FALSCH IS NULL
DELETE FROM VOKABELN WHERE EN='Hallo' AND DE='Test' AND KORREKT IS NULL AND FALSCH IS NULL
DELETE FROM VOKABELN WHERE EN='bbb' AND DE='aaa' AND KORREKT IS NULL AND FALSCH IS NULL
DELETE FROM VOKABELN WHERE EN='ddd' AND DE='ccc' AND KORREKT IS NULL AND FALSCH IS NULL
COMMIT
INSERT INTO VOKABELN VALUES('who','Wer',NULL,NULL)
COMMIT
INSERT INTO VOKABELN VALUES('wants','will',NULL,NULL)
COMMIT
INSERT INTO VOKABELN VALUES('to','zu',NULL,NULL)
COMMIT
INSERT INTO VOKABELN VALUES('live','leben',NULL,NULL)
COMMIT
INSERT INTO VOKABELN VALUES('forever','ewig',NULL,NULL)
COMMIT
INSERT INTO VOKABELN VALUES('Hallo','Test',NULL,NULL)
COMMIT
DISCONNECT
/*C49*/SET SCHEMA PUBLIC
DISCONNECT
/*C50*/SET SCHEMA PUBLIC
DELETE FROM VOKABELN WHERE EN='who' AND DE='Wer' AND KORREKT IS NULL AND FALSCH IS NULL
DELETE FROM VOKABELN WHERE EN='wants' AND DE='will' AND KORREKT IS NULL AND FALSCH IS NULL
DELETE FROM VOKABELN WHERE EN='to' AND DE='zu' AND KORREKT IS NULL AND FALSCH IS NULL
DELETE FROM VOKABELN WHERE EN='live' AND DE='leben' AND KORREKT IS NULL AND FALSCH IS NULL
DELETE FROM VOKABELN WHERE EN='forever' AND DE='ewig' AND KORREKT IS NULL AND FALSCH IS NULL
DELETE FROM VOKABELN WHERE EN='Hallo' AND DE='Test' AND KORREKT IS NULL AND FALSCH IS NULL
COMMIT
INSERT INTO VOKABELN VALUES('who','Wer',NULL,NULL)
COMMIT
INSERT INTO VOKABELN VALUES('wants','will',NULL,NULL)
COMMIT
INSERT INTO VOKABELN VALUES('to','zu',NULL,NULL)
COMMIT
INSERT INTO VOKABELN VALUES('live','leben',NULL,NULL)
COMMIT
INSERT INTO VOKABELN VALUES('forever','ewig',NULL,NULL)
COMMIT
INSERT INTO VOKABELN VALUES('Hallo','Test',NULL,NULL)
COMMIT
/*C51*/SET SCHEMA PUBLIC
DISCONNECT
/*C50*/DISCONNECT
/*C52*/SET SCHEMA PUBLIC
DELETE FROM VOKABELN WHERE EN='who' AND DE='Wer' AND KORREKT IS NULL AND FALSCH IS NULL
DELETE FROM VOKABELN WHERE EN='wants' AND DE='will' AND KORREKT IS NULL AND FALSCH IS NULL
DELETE FROM VOKABELN WHERE EN='to' AND DE='zu' AND KORREKT IS NULL AND FALSCH IS NULL
DELETE FROM VOKABELN WHERE EN='live' AND DE='leben' AND KORREKT IS NULL AND FALSCH IS NULL
DELETE FROM VOKABELN WHERE EN='forever' AND DE='ewig' AND KORREKT IS NULL AND FALSCH IS NULL
DELETE FROM VOKABELN WHERE EN='Hallo' AND DE='Test' AND KORREKT IS NULL AND FALSCH IS NULL
COMMIT
INSERT INTO VOKABELN VALUES('who','Wer',NULL,NULL)
COMMIT
INSERT INTO VOKABELN VALUES('wants','will',NULL,NULL)
COMMIT
INSERT INTO VOKABELN VALUES('to','zu',NULL,NULL)
COMMIT
INSERT INTO VOKABELN VALUES('live','leben',NULL,NULL)
COMMIT
INSERT INTO VOKABELN VALUES('forever','ewig',NULL,NULL)
COMMIT
INSERT INTO VOKABELN VALUES('Hallo','Test',NULL,NULL)
COMMIT
INSERT INTO VOKABELN VALUES('bbb','aaa',NULL,NULL)
COMMIT
INSERT INTO VOKABELN VALUES('ddd','ccc',NULL,NULL)
COMMIT
/*C54*/SET SCHEMA PUBLIC
DELETE FROM VOKABELN WHERE EN='who' AND DE='Wer' AND KORREKT IS NULL AND FALSCH IS NULL
DELETE FROM VOKABELN WHERE EN='wants' AND DE='will' AND KORREKT IS NULL AND FALSCH IS NULL
DELETE FROM VOKABELN WHERE EN='to' AND DE='zu' AND KORREKT IS NULL AND FALSCH IS NULL
DELETE FROM VOKABELN WHERE EN='live' AND DE='leben' AND KORREKT IS NULL AND FALSCH IS NULL
DELETE FROM VOKABELN WHERE EN='forever' AND DE='ewig' AND KORREKT IS NULL AND FALSCH IS NULL
DELETE FROM VOKABELN WHERE EN='Hallo' AND DE='Test' AND KORREKT IS NULL AND FALSCH IS NULL
DELETE FROM VOKABELN WHERE EN='bbb' AND DE='aaa' AND KORREKT IS NULL AND FALSCH IS NULL
DELETE FROM VOKABELN WHERE EN='ddd' AND DE='ccc' AND KORREKT IS NULL AND FALSCH IS NULL
COMMIT
INSERT INTO VOKABELN VALUES('who','Wer',NULL,NULL)
COMMIT
INSERT INTO VOKABELN VALUES('wants','will',NULL,NULL)
COMMIT
INSERT INTO VOKABELN VALUES('to','zu',NULL,NULL)
COMMIT
INSERT INTO VOKABELN VALUES('live','leben',NULL,NULL)
COMMIT
INSERT INTO VOKABELN VALUES('forever','ewig',NULL,NULL)
COMMIT
INSERT INTO VOKABELN VALUES('Hallo','Test',NULL,NULL)
COMMIT
DISCONNECT
/*C55*/SET SCHEMA PUBLIC
DISCONNECT
/*C56*/SET SCHEMA PUBLIC
DELETE FROM VOKABELN WHERE EN='who' AND DE='Wer' AND KORREKT IS NULL AND FALSCH IS NULL
DELETE FROM VOKABELN WHERE EN='wants' AND DE='will' AND KORREKT IS NULL AND FALSCH IS NULL
DELETE FROM VOKABELN WHERE EN='to' AND DE='zu' AND KORREKT IS NULL AND FALSCH IS NULL
DELETE FROM VOKABELN WHERE EN='live' AND DE='leben' AND KORREKT IS NULL AND FALSCH IS NULL
DELETE FROM VOKABELN WHERE EN='forever' AND DE='ewig' AND KORREKT IS NULL AND FALSCH IS NULL
DELETE FROM VOKABELN WHERE EN='Hallo' AND DE='Test' AND KORREKT IS NULL AND FALSCH IS NULL
COMMIT
INSERT INTO VOKABELN VALUES('who','Wer',NULL,NULL)
COMMIT
INSERT INTO VOKABELN VALUES('wants','will',NULL,NULL)
COMMIT
INSERT INTO VOKABELN VALUES('to','zu',NULL,NULL)
COMMIT
INSERT INTO VOKABELN VALUES('live','leben',NULL,NULL)
COMMIT
INSERT INTO VOKABELN VALUES('forever','ewig',NULL,NULL)
COMMIT
INSERT INTO VOKABELN VALUES('Hallo','Test',NULL,NULL)
COMMIT
